<?xml version="1.0" encoding="utf-8"?><testsuites name="pytest tests"><testsuite name="pytest" errors="0" failures="1" skipped="0" tests="13" time="3.577" timestamp="2026-06-29T00:05:40.982255+00:00" hostname="agent-env-444b4d2e-3c0a-4efe-9e7d-f1ddfb2b0226"><testcase classname="backend.tests.test_olemiss_promos" name="test_admin_login" time="0.605" /><testcase classname="backend.tests.test_olemiss_promos" name="test_student_login" time="0.357" /><testcase classname="backend.tests.test_olemiss_promos" name="test_register_new_user" time="0.344" /><testcase classname="backend.tests.test_olemiss_promos" name="test_auth_me" time="0.458" /><testcase classname="backend.tests.test_olemiss_promos" name="test_bars_seed" time="0.157" /><testcase classname="backend.tests.test_olemiss_promos" name="test_promos_proximity" time="0.106" /><testcase classname="backend.tests.test_olemiss_promos" name="test_promos_filter_trivia" time="0.131" /><testcase classname="backend.tests.test_olemiss_promos" name="test_qr_and_redeem_flow" time="0.264"><failure message="AssertionError: Internal Server Error&#10;assert 500 == 200&#10; +  where 500 = &lt;Response [500]&gt;.status_code">backend/tests/test_olemiss_promos.py:83: in test_qr_and_redeem_flow
    assert r2.status_code == 200, r2.text
E   AssertionError: Internal Server Error
E   assert 500 == 200
E    +  where 500 = &lt;Response [500]&gt;.status_code</failure></testcase><testcase classname="backend.tests.test_olemiss_promos" name="test_create_promo_as_admin" time="0.539" /><testcase classname="backend.tests.test_olemiss_promos" name="test_create_promo_forbidden_for_user" time="0.160" /><testcase classname="backend.tests.test_olemiss_promos" name="test_analytics_requires_admin" time="0.163" /><testcase classname="backend.tests.test_olemiss_promos" name="test_patch_user_preferences" time="0.133" /><testcase classname="backend.tests.test_olemiss_promos" name="test_loyalty_endpoint" time="0.104" /></testsuite></testsuites>