<?xml version="1.0" encoding="utf-8"?><testsuites name="pytest tests"><testsuite name="pytest" errors="0" failures="0" skipped="0" tests="10" time="1.995" timestamp="2026-06-29T00:31:19.808429+00:00" hostname="agent-env-444b4d2e-3c0a-4efe-9e7d-f1ddfb2b0226"><testcase classname="backend.tests.test_sms_twilio.TestSmsStatus" name="test_status_unconfigured" time="0.299" /><testcase classname="backend.tests.test_sms_twilio.TestOtpSend" name="test_send_requires_auth" time="0.126" /><testcase classname="backend.tests.test_sms_twilio.TestOtpSend" name="test_send_bad_e164" time="0.451" /><testcase classname="backend.tests.test_sms_twilio.TestOtpSend" name="test_send_valid_e164_placeholder_creds_503" time="0.141" /><testcase classname="backend.tests.test_sms_twilio.TestOtpVerify" name="test_verify_wrong_code" time="0.146" /><testcase classname="backend.tests.test_sms_twilio.TestOtpVerify" name="test_verify_expired" time="0.118" /><testcase classname="backend.tests.test_sms_twilio.TestOtpVerify" name="test_verify_success_then_replay_fails" time="0.210" /><testcase classname="backend.tests.test_sms_twilio.TestOtpVerify" name="test_auth_me_includes_phone_fields" time="0.140" /><testcase classname="backend.tests.test_sms_twilio.TestSmsTestEndpoint" name="test_test_without_phone_verified" time="0.154" /><testcase classname="backend.tests.test_sms_twilio.TestSmsTestEndpoint" name="test_test_verified_user_placeholder_creds_503" time="0.111" /></testsuite></testsuites>